[0.038s] Invoking command in '/home/meta3/ros2_ws/build/sllidar_ros2': CMAKE_PREFIX_PATH=${CMAKE_PREFIX_PATH}:/home/meta3/ros2_ws/install/my_lidar_pkg:/opt/ros/humble /usr/bin/cmake /home/meta3/ros2_ws/src/sllidar_ros2 -DCMAKE_INSTALL_PREFIX=/home/meta3/ros2_ws/install/sllidar_ros2
[0.189s] -- Found ament_cmake: 1.3.14 (/opt/ros/humble/share/ament_cmake/cmake)
[0.531s] -- Override CMake install command with custom implementation using symlinks instead of copying resources
[0.595s] -- Found rclcpp: 16.0.18 (/opt/ros/humble/share/rclcpp/cmake)
[0.733s] -- Found rosidl_generator_c: 3.1.8 (/opt/ros/humble/share/rosidl_generator_c/cmake)
[0.743s] -- Found rosidl_adapter: 3.1.8 (/opt/ros/humble/share/rosidl_adapter/cmake)
[0.767s] -- Found rosidl_generator_cpp: 3.1.8 (/opt/ros/humble/share/rosidl_generator_cpp/cmake)
[0.800s] -- Using all available rosidl_typesupport_c: rosidl_typesupport_fastrtps_c;rosidl_typesupport_introspection_c
[0.840s] -- Using all available rosidl_typesupport_cpp: rosidl_typesupport_fastrtps_cpp;rosidl_typesupport_introspection_cpp
[0.957s] -- Found rmw_implementation_cmake: 6.1.2 (/opt/ros/humble/share/rmw_implementation_cmake/cmake)
[0.964s] -- Found rmw_fastrtps_cpp: 6.2.10 (/opt/ros/humble/share/rmw_fastrtps_cpp/cmake)
[1.214s] -- Using RMW implementation 'rmw_fastrtps_cpp' as default
[1.373s] -- Found sensor_msgs: 4.9.1 (/opt/ros/humble/share/sensor_msgs/cmake)
[1.467s] -- Found std_srvs: 4.9.1 (/opt/ros/humble/share/std_srvs/cmake)
[1.676s] -- Configuring done
[1.736s] -- Generating done
[1.750s] -- Build files have been written to: /home/meta3/ros2_ws/build/sllidar_ros2
[1.777s] Invoked command in '/home/meta3/ros2_ws/build/sllidar_ros2' returned '0': CMAKE_PREFIX_PATH=${CMAKE_PREFIX_PATH}:/home/meta3/ros2_ws/install/my_lidar_pkg:/opt/ros/humble /usr/bin/cmake /home/meta3/ros2_ws/src/sllidar_ros2 -DCMAKE_INSTALL_PREFIX=/home/meta3/ros2_ws/install/sllidar_ros2
[1.782s] Invoking command in '/home/meta3/ros2_ws/build/sllidar_ros2': CMAKE_PREFIX_PATH=${CMAKE_PREFIX_PATH}:/home/meta3/ros2_ws/install/my_lidar_pkg:/opt/ros/humble /usr/bin/cmake --build /home/meta3/ros2_ws/build/sllidar_ros2 -- -j6 -l6
[1.872s] [35m[1mConsolidate compiler generated dependencies of target sllidar_client[0m
[1.897s] [35m[1mConsolidate compiler generated dependencies of target sllidar_node[0m
[2.012s] [ 15%] Built target sllidar_client
[2.012s] [ 15%] [32mBuilding CXX object CMakeFiles/sllidar_node.dir/src/sllidar_node.cpp.o[0m
[7.590s] In file included from [01m[K/home/meta3/ros2_ws/src/sllidar_ros2/./sdk/include/sl_lidar_cmd.h:41[m[K,
[7.590s]                  from [01m[K/home/meta3/ros2_ws/src/sllidar_ros2/./sdk/include/sl_lidar_driver.h:54[m[K,
[7.590s]                  from [01m[K/home/meta3/ros2_ws/src/sllidar_ros2/./sdk/include/sl_lidar.h:36[m[K,
[7.591s]                  from [01m[K/home/meta3/ros2_ws/src/sllidar_ros2/src/sllidar_node.cpp:38[m[K:
[7.591s] [01m[K/home/meta3/ros2_ws/src/sllidar_ros2/./sdk/include/sl_lidar_protocol.h:66:16:[m[K [01;35m[Kwarning: [m[KISO C++ forbids zero-size array ‘[01m[Kdata[m[K’ [[01;35m[K]8;;https://gcc.gnu.org/onlinedocs/gcc/Warning-Options.html#index-Wpedantic-Wpedantic]8;;[m[K]
[7.591s]    66 |     sl_u8 data[[01;35m[K0[m[K];
[7.591s]       |                [01;35m[K^[m[K
[7.591s] In file included from [01m[K/home/meta3/ros2_ws/src/sllidar_ros2/./sdk/include/sl_lidar_driver.h:54[m[K,
[7.591s]                  from [01m[K/home/meta3/ros2_ws/src/sllidar_ros2/./sdk/include/sl_lidar.h:36[m[K,
[7.591s]                  from [01m[K/home/meta3/ros2_ws/src/sllidar_ros2/src/sllidar_node.cpp:38[m[K:
[7.591s] [01m[K/home/meta3/ros2_ws/src/sllidar_ros2/./sdk/include/sl_lidar_cmd.h:324:20:[m[K [01;35m[Kwarning: [m[KISO C++ forbids zero-size array ‘[01m[Kpayload[m[K’ [[01;35m[K]8;;https://gcc.gnu.org/onlinedocs/gcc/Warning-Options.html#index-Wpedantic-Wpedantic]8;;[m[K]
[7.591s]   324 |     sl_u8  payload[[01;35m[K0[m[K];
[7.592s]       |                    [01;35m[K^[m[K
[13.168s] [ 20%] [32m[1mLinking CXX executable sllidar_node[0m
[14.214s] [100%] Built target sllidar_node
[14.243s] Invoked command in '/home/meta3/ros2_ws/build/sllidar_ros2' returned '0': CMAKE_PREFIX_PATH=${CMAKE_PREFIX_PATH}:/home/meta3/ros2_ws/install/my_lidar_pkg:/opt/ros/humble /usr/bin/cmake --build /home/meta3/ros2_ws/build/sllidar_ros2 -- -j6 -l6
[14.267s] Invoking command in '/home/meta3/ros2_ws/build/sllidar_ros2': CMAKE_PREFIX_PATH=${CMAKE_PREFIX_PATH}:/home/meta3/ros2_ws/install/my_lidar_pkg:/opt/ros/humble /usr/bin/cmake --install /home/meta3/ros2_ws/build/sllidar_ros2
[14.285s] -- Install configuration: ""
[14.286s] -- Execute custom install script
[14.288s] -- Up-to-date symlink: /home/meta3/ros2_ws/install/sllidar_ros2/share/sllidar_ros2/launch/sllidar_a1_launch.py
[14.288s] -- Up-to-date symlink: /home/meta3/ros2_ws/install/sllidar_ros2/share/sllidar_ros2/launch/sllidar_a2m12_launch .py
[14.288s] -- Up-to-date symlink: /home/meta3/ros2_ws/install/sllidar_ros2/share/sllidar_ros2/launch/sllidar_a2m7_launch.py
[14.288s] -- Up-to-date symlink: /home/meta3/ros2_ws/install/sllidar_ros2/share/sllidar_ros2/launch/sllidar_a2m8_launch.py
[14.288s] -- Up-to-date symlink: /home/meta3/ros2_ws/install/sllidar_ros2/share/sllidar_ros2/launch/sllidar_a3_launch.py
[14.289s] -- Up-to-date symlink: /home/meta3/ros2_ws/install/sllidar_ros2/share/sllidar_ros2/launch/sllidar_c1_launch.py
[14.289s] -- Up-to-date symlink: /home/meta3/ros2_ws/install/sllidar_ros2/share/sllidar_ros2/launch/sllidar_s1_launch.py
[14.289s] -- Up-to-date symlink: /home/meta3/ros2_ws/install/sllidar_ros2/share/sllidar_ros2/launch/sllidar_s1_tcp_launch.py
[14.289s] -- Up-to-date symlink: /home/meta3/ros2_ws/install/sllidar_ros2/share/sllidar_ros2/launch/sllidar_s2_launch.py
[14.289s] -- Up-to-date symlink: /home/meta3/ros2_ws/install/sllidar_ros2/share/sllidar_ros2/launch/sllidar_s2e_launch.py
[14.290s] -- Up-to-date symlink: /home/meta3/ros2_ws/install/sllidar_ros2/share/sllidar_ros2/launch/sllidar_s3_launch.py
[14.290s] -- Up-to-date symlink: /home/meta3/ros2_ws/install/sllidar_ros2/share/sllidar_ros2/launch/sllidar_t1_launch.py
[14.290s] -- Up-to-date symlink: /home/meta3/ros2_ws/install/sllidar_ros2/share/sllidar_ros2/launch/view_sllidar_a1_launch.py
[14.290s] -- Up-to-date symlink: /home/meta3/ros2_ws/install/sllidar_ros2/share/sllidar_ros2/launch/view_sllidar_a2m12_launch.py
[14.290s] -- Up-to-date symlink: /home/meta3/ros2_ws/install/sllidar_ros2/share/sllidar_ros2/launch/view_sllidar_a2m7_launch.py
[14.291s] -- Up-to-date symlink: /home/meta3/ros2_ws/install/sllidar_ros2/share/sllidar_ros2/launch/view_sllidar_a2m8_launch.py
[14.291s] -- Up-to-date symlink: /home/meta3/ros2_ws/install/sllidar_ros2/share/sllidar_ros2/launch/view_sllidar_a3_launch.py
[14.291s] -- Up-to-date symlink: /home/meta3/ros2_ws/install/sllidar_ros2/share/sllidar_ros2/launch/view_sllidar_c1_launch.py
[14.291s] -- Up-to-date symlink: /home/meta3/ros2_ws/install/sllidar_ros2/share/sllidar_ros2/launch/view_sllidar_s1_launch.py
[14.292s] -- Up-to-date symlink: /home/meta3/ros2_ws/install/sllidar_ros2/share/sllidar_ros2/launch/view_sllidar_s1_tcp_launch.py
[14.292s] -- Up-to-date symlink: /home/meta3/ros2_ws/install/sllidar_ros2/share/sllidar_ros2/launch/view_sllidar_s2_launch.py
[14.292s] -- Up-to-date symlink: /home/meta3/ros2_ws/install/sllidar_ros2/share/sllidar_ros2/launch/view_sllidar_s2e_launch.py
[14.292s] -- Up-to-date symlink: /home/meta3/ros2_ws/install/sllidar_ros2/share/sllidar_ros2/launch/view_sllidar_s3_launch.py
[14.293s] -- Up-to-date symlink: /home/meta3/ros2_ws/install/sllidar_ros2/share/sllidar_ros2/launch/view_sllidar_t1_launch.py
[14.293s] -- Up-to-date symlink: /home/meta3/ros2_ws/install/sllidar_ros2/share/sllidar_ros2/rviz/sllidar_ros2.rviz
[14.294s] -- Up-to-date symlink: /home/meta3/ros2_ws/install/sllidar_ros2/lib/sllidar_ros2/sllidar_node
[14.294s] -- Up-to-date symlink: /home/meta3/ros2_ws/install/sllidar_ros2/lib/sllidar_ros2/sllidar_client
[14.295s] -- Up-to-date symlink: /home/meta3/ros2_ws/install/sllidar_ros2/share/ament_index/resource_index/package_run_dependencies/sllidar_ros2
[14.296s] -- Up-to-date symlink: /home/meta3/ros2_ws/install/sllidar_ros2/share/ament_index/resource_index/parent_prefix_path/sllidar_ros2
[14.296s] -- Up-to-date symlink: /home/meta3/ros2_ws/install/sllidar_ros2/share/sllidar_ros2/environment/ament_prefix_path.sh
[14.297s] -- Up-to-date symlink: /home/meta3/ros2_ws/install/sllidar_ros2/share/sllidar_ros2/environment/ament_prefix_path.dsv
[14.297s] -- Up-to-date symlink: /home/meta3/ros2_ws/install/sllidar_ros2/share/sllidar_ros2/environment/path.sh
[14.297s] -- Up-to-date symlink: /home/meta3/ros2_ws/install/sllidar_ros2/share/sllidar_ros2/environment/path.dsv
[14.298s] -- Up-to-date symlink: /home/meta3/ros2_ws/install/sllidar_ros2/share/sllidar_ros2/local_setup.bash
[14.298s] -- Up-to-date symlink: /home/meta3/ros2_ws/install/sllidar_ros2/share/sllidar_ros2/local_setup.sh
[14.298s] -- Up-to-date symlink: /home/meta3/ros2_ws/install/sllidar_ros2/share/sllidar_ros2/local_setup.zsh
[14.298s] -- Up-to-date symlink: /home/meta3/ros2_ws/install/sllidar_ros2/share/sllidar_ros2/local_setup.dsv
[14.299s] -- Symlinking: /home/meta3/ros2_ws/install/sllidar_ros2/share/sllidar_ros2/package.dsv
[14.317s] -- Up-to-date symlink: /home/meta3/ros2_ws/install/sllidar_ros2/share/ament_index/resource_index/packages/sllidar_ros2
[14.318s] -- Up-to-date symlink: /home/meta3/ros2_ws/install/sllidar_ros2/share/sllidar_ros2/cmake/ament_cmake_export_dependencies-extras.cmake
[14.318s] -- Up-to-date symlink: /home/meta3/ros2_ws/install/sllidar_ros2/share/sllidar_ros2/cmake/ament_cmake_export_include_directories-extras.cmake
[14.318s] -- Up-to-date symlink: /home/meta3/ros2_ws/install/sllidar_ros2/share/sllidar_ros2/cmake/sllidar_ros2Config.cmake
[14.318s] -- Up-to-date symlink: /home/meta3/ros2_ws/install/sllidar_ros2/share/sllidar_ros2/cmake/sllidar_ros2Config-version.cmake
[14.318s] -- Up-to-date symlink: /home/meta3/ros2_ws/install/sllidar_ros2/share/sllidar_ros2/package.xml
[14.323s] Invoked command in '/home/meta3/ros2_ws/build/sllidar_ros2' returned '0': CMAKE_PREFIX_PATH=${CMAKE_PREFIX_PATH}:/home/meta3/ros2_ws/install/my_lidar_pkg:/opt/ros/humble /usr/bin/cmake --install /home/meta3/ros2_ws/build/sllidar_ros2
