[0.000000] (-) TimerEvent: {}
[0.000548] (-) JobUnselected: {'identifier': 'my_lidar_pkg'}
[0.000987] (-) JobUnselected: {'identifier': 'person_follower_pkg'}
[0.001230] (sllidar_ros2) JobQueued: {'identifier': 'sllidar_ros2', 'dependencies': OrderedDict()}
[0.001496] (sllidar_ros2) JobStarted: {'identifier': 'sllidar_ros2'}
[0.028312] (sllidar_ros2) JobProgress: {'identifier': 'sllidar_ros2', 'progress': 'cmake'}
[0.030945] (sllidar_ros2) JobProgress: {'identifier': 'sllidar_ros2', 'progress': 'build'}
[0.032137] (sllidar_ros2) Command: {'cmd': ['/usr/bin/cmake', '--build', '/home/meta3/ros2_ws/build/sllidar_ros2', '--', '-j6', '-l6'], 'cwd': '/home/meta3/ros2_ws/build/sllidar_ros2', 'env': OrderedDict([('USER', 'meta3'), ('LC_TIME', 'ko_KR.UTF-8'), ('XDG_SESSION_TYPE', 'x11'), ('SHLVL', '1'), ('LD_LIBRARY_PATH', '/opt/ros/humble/opt/rviz_ogre_vendor/lib:/opt/ros/humble/lib/aarch64-linux-gnu:/opt/ros/humble/lib'), ('HOME', '/home/meta3'), ('OLDPWD', '/home/meta3'), ('DESKTOP_SESSION', 'ubuntu'), ('JETSON_L4T', '36.3.0'), ('ROS_PYTHON_VERSION', '3'), ('GNOME_SHELL_SESSION_MODE', 'ubuntu'), ('GTK_MODULES', 'gail:atk-bridge'), ('JETSON_MODEL', 'NVIDIA Jetson Orin Nano Engineering Reference Developer Kit Super'), ('LC_MONETARY', 'ko_KR.UTF-8'), ('SYSTEMD_EXEC_PID', '6805'), ('DBUS_SESSION_BUS_ADDRESS', 'unix:path=/run/user/1000/bus'), ('COLORTERM', 'truecolor'), ('IM_CONFIG_PHASE', '1'), ('COLCON_PREFIX_PATH', '/home/meta3/ros2_ws/install'), ('ROS_DISTRO', 'humble'), ('GTK_IM_MODULE', 'ibus'), ('LOGNAME', 'meta3'), ('JETSON_MODULE', 'NVIDIA Jetson Orin Nano (Developer kit)'), ('JETSON_SERIAL_NUMBER', '1420424228552'), ('_', '/usr/bin/colcon'), ('ROS_VERSION', '2'), ('XDG_SESSION_CLASS', 'user'), ('USERNAME', 'meta3'), ('TERM', 'xterm-256color'), ('GNOME_DESKTOP_SESSION_ID', 'this-is-deprecated'), ('ROS_LOCALHOST_ONLY', '0'), ('WINDOWPATH', '2'), ('PATH', '/opt/ros/humble/bin:/usr/local/sbin:/usr/local/bin:/usr/sbin:/usr/bin:/sbin:/bin:/usr/games:/usr/local/games:/snap/bin:/snap/bin'), ('SESSION_MANAGER', 'local/meta3-desktop:@/tmp/.ICE-unix/2018,unix/meta3-desktop:/tmp/.ICE-unix/2018'), ('XDG_MENU_PREFIX', 'gnome-'), ('LC_ADDRESS', 'ko_KR.UTF-8'), ('GNOME_TERMINAL_SCREEN', '/org/gnome/Terminal/screen/aee3a201_a5f9_4c7f_b94d_9cf0a7bd92ce'), ('XDG_RUNTIME_DIR', '/run/user/1000'), ('DISPLAY', ':0'), ('LANG', 'en_US.UTF-8'), ('XDG_CURRENT_DESKTOP', 'ubuntu:GNOME'), ('LC_TELEPHONE', 'ko_KR.UTF-8'), ('XMODIFIERS', '@im=ibus'), ('XDG_SESSION_DESKTOP', 'ubuntu'), ('XAUTHORITY', '/run/user/1000/gdm/Xauthority'), ('JETSON_SOC', 'tegra234'), ('GNOME_TERMINAL_SERVICE', ':1.116'), ('SSH_AGENT_LAUNCHER', 'gnome-keyring'), ('SSH_AUTH_SOCK', '/run/user/1000/keyring/ssh'), ('AMENT_PREFIX_PATH', '/home/meta3/ros2_ws/install/sllidar_ros2:/home/meta3/ros2_ws/install/person_follower_pkg:/home/meta3/ros2_ws/install/my_lidar_pkg:/opt/ros/humble'), ('SHELL', '/bin/bash'), ('LC_NAME', 'ko_KR.UTF-8'), ('QT_ACCESSIBILITY', '1'), ('GDMSESSION', 'ubuntu'), ('LC_MEASUREMENT', 'ko_KR.UTF-8'), ('GPG_AGENT_INFO', '/run/user/1000/gnupg/S.gpg-agent:0:1'), ('LC_IDENTIFICATION', 'ko_KR.UTF-8'), ('QT_IM_MODULE', 'ibus'), ('JETSON_CUDA_ARCH_BIN', '8.7'), ('PWD', '/home/meta3/ros2_ws/build/sllidar_ros2'), ('XDG_CONFIG_DIRS', '/etc/xdg/xdg-ubuntu:/etc/xdg'), ('XDG_DATA_DIRS', '/usr/share/ubuntu:/usr/share/gnome:/usr/local/share/:/usr/share/:/var/lib/snapd/desktop'), ('PYTHONPATH', '/home/meta3/ros2_ws/install/my_lidar_pkg/lib/python3.10/site-packages:/opt/ros/humble/lib/python3.10/site-packages:/opt/ros/humble/local/lib/python3.10/dist-packages'), ('LC_NUMERIC', 'ko_KR.UTF-8'), ('LC_PAPER', 'ko_KR.UTF-8'), ('COLCON', '1'), ('VTE_VERSION', '6800'), ('JETSON_JETPACK', '6.0'), ('CMAKE_PREFIX_PATH', '/home/meta3/ros2_ws/install/sllidar_ros2:/home/meta3/ros2_ws/install/person_follower_pkg:/home/meta3/ros2_ws/install/my_lidar_pkg:/opt/ros/humble'), ('JETSON_P_NUMBER', 'p3767-0005')]), 'shell': False}
[0.099475] (-) TimerEvent: {}
[0.200212] (-) TimerEvent: {}
[0.279572] (sllidar_ros2) StdoutLine: {'line': b'\x1b[35m\x1b[1mConsolidate compiler generated dependencies of target sllidar_client\x1b[0m\n'}
[0.300369] (-) TimerEvent: {}
[0.301775] (sllidar_ros2) StdoutLine: {'line': b'\x1b[35m\x1b[1mConsolidate compiler generated dependencies of target sllidar_node\x1b[0m\n'}
[0.400629] (-) TimerEvent: {}
[0.407767] (sllidar_ros2) StdoutLine: {'line': b'[ 10%] Built target sllidar_client\n'}
[0.425912] (sllidar_ros2) StdoutLine: {'line': b'[100%] Built target sllidar_node\n'}
[0.452950] (sllidar_ros2) CommandEnded: {'returncode': 0}
[0.456806] (sllidar_ros2) JobProgress: {'identifier': 'sllidar_ros2', 'progress': 'install'}
[0.475078] (sllidar_ros2) Command: {'cmd': ['/usr/bin/cmake', '--install', '/home/meta3/ros2_ws/build/sllidar_ros2'], 'cwd': '/home/meta3/ros2_ws/build/sllidar_ros2', 'env': OrderedDict([('USER', 'meta3'), ('LC_TIME', 'ko_KR.UTF-8'), ('XDG_SESSION_TYPE', 'x11'), ('SHLVL', '1'), ('LD_LIBRARY_PATH', '/opt/ros/humble/opt/rviz_ogre_vendor/lib:/opt/ros/humble/lib/aarch64-linux-gnu:/opt/ros/humble/lib'), ('HOME', '/home/meta3'), ('OLDPWD', '/home/meta3'), ('DESKTOP_SESSION', 'ubuntu'), ('JETSON_L4T', '36.3.0'), ('ROS_PYTHON_VERSION', '3'), ('GNOME_SHELL_SESSION_MODE', 'ubuntu'), ('GTK_MODULES', 'gail:atk-bridge'), ('JETSON_MODEL', 'NVIDIA Jetson Orin Nano Engineering Reference Developer Kit Super'), ('LC_MONETARY', 'ko_KR.UTF-8'), ('SYSTEMD_EXEC_PID', '6805'), ('DBUS_SESSION_BUS_ADDRESS', 'unix:path=/run/user/1000/bus'), ('COLORTERM', 'truecolor'), ('IM_CONFIG_PHASE', '1'), ('COLCON_PREFIX_PATH', '/home/meta3/ros2_ws/install'), ('ROS_DISTRO', 'humble'), ('GTK_IM_MODULE', 'ibus'), ('LOGNAME', 'meta3'), ('JETSON_MODULE', 'NVIDIA Jetson Orin Nano (Developer kit)'), ('JETSON_SERIAL_NUMBER', '1420424228552'), ('_', '/usr/bin/colcon'), ('ROS_VERSION', '2'), ('XDG_SESSION_CLASS', 'user'), ('USERNAME', 'meta3'), ('TERM', 'xterm-256color'), ('GNOME_DESKTOP_SESSION_ID', 'this-is-deprecated'), ('ROS_LOCALHOST_ONLY', '0'), ('WINDOWPATH', '2'), ('PATH', '/opt/ros/humble/bin:/usr/local/sbin:/usr/local/bin:/usr/sbin:/usr/bin:/sbin:/bin:/usr/games:/usr/local/games:/snap/bin:/snap/bin'), ('SESSION_MANAGER', 'local/meta3-desktop:@/tmp/.ICE-unix/2018,unix/meta3-desktop:/tmp/.ICE-unix/2018'), ('XDG_MENU_PREFIX', 'gnome-'), ('LC_ADDRESS', 'ko_KR.UTF-8'), ('GNOME_TERMINAL_SCREEN', '/org/gnome/Terminal/screen/aee3a201_a5f9_4c7f_b94d_9cf0a7bd92ce'), ('XDG_RUNTIME_DIR', '/run/user/1000'), ('DISPLAY', ':0'), ('LANG', 'en_US.UTF-8'), ('XDG_CURRENT_DESKTOP', 'ubuntu:GNOME'), ('LC_TELEPHONE', 'ko_KR.UTF-8'), ('XMODIFIERS', '@im=ibus'), ('XDG_SESSION_DESKTOP', 'ubuntu'), ('XAUTHORITY', '/run/user/1000/gdm/Xauthority'), ('JETSON_SOC', 'tegra234'), ('GNOME_TERMINAL_SERVICE', ':1.116'), ('SSH_AGENT_LAUNCHER', 'gnome-keyring'), ('SSH_AUTH_SOCK', '/run/user/1000/keyring/ssh'), ('AMENT_PREFIX_PATH', '/home/meta3/ros2_ws/install/sllidar_ros2:/home/meta3/ros2_ws/install/person_follower_pkg:/home/meta3/ros2_ws/install/my_lidar_pkg:/opt/ros/humble'), ('SHELL', '/bin/bash'), ('LC_NAME', 'ko_KR.UTF-8'), ('QT_ACCESSIBILITY', '1'), ('GDMSESSION', 'ubuntu'), ('LC_MEASUREMENT', 'ko_KR.UTF-8'), ('GPG_AGENT_INFO', '/run/user/1000/gnupg/S.gpg-agent:0:1'), ('LC_IDENTIFICATION', 'ko_KR.UTF-8'), ('QT_IM_MODULE', 'ibus'), ('JETSON_CUDA_ARCH_BIN', '8.7'), ('PWD', '/home/meta3/ros2_ws/build/sllidar_ros2'), ('XDG_CONFIG_DIRS', '/etc/xdg/xdg-ubuntu:/etc/xdg'), ('XDG_DATA_DIRS', '/usr/share/ubuntu:/usr/share/gnome:/usr/local/share/:/usr/share/:/var/lib/snapd/desktop'), ('PYTHONPATH', '/home/meta3/ros2_ws/install/my_lidar_pkg/lib/python3.10/site-packages:/opt/ros/humble/lib/python3.10/site-packages:/opt/ros/humble/local/lib/python3.10/dist-packages'), ('LC_NUMERIC', 'ko_KR.UTF-8'), ('LC_PAPER', 'ko_KR.UTF-8'), ('COLCON', '1'), ('VTE_VERSION', '6800'), ('JETSON_JETPACK', '6.0'), ('CMAKE_PREFIX_PATH', '/home/meta3/ros2_ws/install/sllidar_ros2:/home/meta3/ros2_ws/install/person_follower_pkg:/home/meta3/ros2_ws/install/my_lidar_pkg:/opt/ros/humble'), ('JETSON_P_NUMBER', 'p3767-0005')]), 'shell': False}
[0.495099] (sllidar_ros2) StdoutLine: {'line': b'-- Install configuration: ""\n'}
[0.497175] (sllidar_ros2) StdoutLine: {'line': b'-- Execute custom install script\n'}
[0.498415] (sllidar_ros2) StdoutLine: {'line': b'-- Up-to-date symlink: /home/meta3/ros2_ws/install/sllidar_ros2/share/sllidar_ros2/launch/sllidar_a1_launch.py\n'}
[0.498670] (sllidar_ros2) StdoutLine: {'line': b'-- Up-to-date symlink: /home/meta3/ros2_ws/install/sllidar_ros2/share/sllidar_ros2/launch/sllidar_a2m12_launch .py\n'}
[0.498920] (sllidar_ros2) StdoutLine: {'line': b'-- Up-to-date symlink: /home/meta3/ros2_ws/install/sllidar_ros2/share/sllidar_ros2/launch/sllidar_a2m7_launch.py\n'}
[0.499157] (sllidar_ros2) StdoutLine: {'line': b'-- Up-to-date symlink: /home/meta3/ros2_ws/install/sllidar_ros2/share/sllidar_ros2/launch/sllidar_a2m8_launch.py\n'}
[0.499379] (sllidar_ros2) StdoutLine: {'line': b'-- Up-to-date symlink: /home/meta3/ros2_ws/install/sllidar_ros2/share/sllidar_ros2/launch/sllidar_a3_launch.py\n'}
[0.499603] (sllidar_ros2) StdoutLine: {'line': b'-- Up-to-date symlink: /home/meta3/ros2_ws/install/sllidar_ros2/share/sllidar_ros2/launch/sllidar_c1_launch.py\n'}
[0.499850] (sllidar_ros2) StdoutLine: {'line': b'-- Up-to-date symlink: /home/meta3/ros2_ws/install/sllidar_ros2/share/sllidar_ros2/launch/sllidar_s1_launch.py\n'}
[0.500072] (sllidar_ros2) StdoutLine: {'line': b'-- Up-to-date symlink: /home/meta3/ros2_ws/install/sllidar_ros2/share/sllidar_ros2/launch/sllidar_s1_tcp_launch.py\n'}
[0.500295] (sllidar_ros2) StdoutLine: {'line': b'-- Up-to-date symlink: /home/meta3/ros2_ws/install/sllidar_ros2/share/sllidar_ros2/launch/sllidar_s2_launch.py\n'}
[0.500685] (sllidar_ros2) StdoutLine: {'line': b'-- Up-to-date symlink: /home/meta3/ros2_ws/install/sllidar_ros2/share/sllidar_ros2/launch/sllidar_s2e_launch.py\n'}
[0.500942] (-) TimerEvent: {}
[0.501251] (sllidar_ros2) StdoutLine: {'line': b'-- Up-to-date symlink: /home/meta3/ros2_ws/install/sllidar_ros2/share/sllidar_ros2/launch/sllidar_s3_launch.py\n'}
[0.501433] (sllidar_ros2) StdoutLine: {'line': b'-- Up-to-date symlink: /home/meta3/ros2_ws/install/sllidar_ros2/share/sllidar_ros2/launch/sllidar_t1_launch.py\n'}
[0.501553] (sllidar_ros2) StdoutLine: {'line': b'-- Up-to-date symlink: /home/meta3/ros2_ws/install/sllidar_ros2/share/sllidar_ros2/launch/view_sllidar_a1_launch.py\n'}
[0.501725] (sllidar_ros2) StdoutLine: {'line': b'-- Up-to-date symlink: /home/meta3/ros2_ws/install/sllidar_ros2/share/sllidar_ros2/launch/view_sllidar_a2m12_launch.py\n'}
[0.501890] (sllidar_ros2) StdoutLine: {'line': b'-- Up-to-date symlink: /home/meta3/ros2_ws/install/sllidar_ros2/share/sllidar_ros2/launch/view_sllidar_a2m7_launch.py\n'}
[0.502001] (sllidar_ros2) StdoutLine: {'line': b'-- Up-to-date symlink: /home/meta3/ros2_ws/install/sllidar_ros2/share/sllidar_ros2/launch/view_sllidar_a2m8_launch.py\n'}
[0.502150] (sllidar_ros2) StdoutLine: {'line': b'-- Up-to-date symlink: /home/meta3/ros2_ws/install/sllidar_ros2/share/sllidar_ros2/launch/view_sllidar_a3_launch.py\n'}
[0.502551] (sllidar_ros2) StdoutLine: {'line': b'-- Up-to-date symlink: /home/meta3/ros2_ws/install/sllidar_ros2/share/sllidar_ros2/launch/view_sllidar_c1_launch.py\n'}
[0.502916] (sllidar_ros2) StdoutLine: {'line': b'-- Up-to-date symlink: /home/meta3/ros2_ws/install/sllidar_ros2/share/sllidar_ros2/launch/view_sllidar_s1_launch.py\n'}
[0.503148] (sllidar_ros2) StdoutLine: {'line': b'-- Up-to-date symlink: /home/meta3/ros2_ws/install/sllidar_ros2/share/sllidar_ros2/launch/view_sllidar_s1_tcp_launch.py\n'}
[0.503387] (sllidar_ros2) StdoutLine: {'line': b'-- Up-to-date symlink: /home/meta3/ros2_ws/install/sllidar_ros2/share/sllidar_ros2/launch/view_sllidar_s2_launch.py\n'}
[0.503621] (sllidar_ros2) StdoutLine: {'line': b'-- Up-to-date symlink: /home/meta3/ros2_ws/install/sllidar_ros2/share/sllidar_ros2/launch/view_sllidar_s2e_launch.py\n'}
[0.503771] (sllidar_ros2) StdoutLine: {'line': b'-- Up-to-date symlink: /home/meta3/ros2_ws/install/sllidar_ros2/share/sllidar_ros2/launch/view_sllidar_s3_launch.py\n'}
[0.503914] (sllidar_ros2) StdoutLine: {'line': b'-- Up-to-date symlink: /home/meta3/ros2_ws/install/sllidar_ros2/share/sllidar_ros2/launch/view_sllidar_t1_launch.py\n'}
[0.504133] (sllidar_ros2) StdoutLine: {'line': b'-- Up-to-date symlink: /home/meta3/ros2_ws/install/sllidar_ros2/share/sllidar_ros2/rviz/sllidar_ros2.rviz\n'}
[0.505205] (sllidar_ros2) StdoutLine: {'line': b'-- Up-to-date symlink: /home/meta3/ros2_ws/install/sllidar_ros2/lib/sllidar_ros2/sllidar_node\n'}
[0.505534] (sllidar_ros2) StdoutLine: {'line': b'-- Up-to-date symlink: /home/meta3/ros2_ws/install/sllidar_ros2/lib/sllidar_ros2/sllidar_client\n'}
[0.505965] (sllidar_ros2) StdoutLine: {'line': b'-- Up-to-date symlink: /home/meta3/ros2_ws/install/sllidar_ros2/share/ament_index/resource_index/package_run_dependencies/sllidar_ros2\n'}
[0.507113] (sllidar_ros2) StdoutLine: {'line': b'-- Up-to-date symlink: /home/meta3/ros2_ws/install/sllidar_ros2/share/ament_index/resource_index/parent_prefix_path/sllidar_ros2\n'}
[0.507470] (sllidar_ros2) StdoutLine: {'line': b'-- Up-to-date symlink: /home/meta3/ros2_ws/install/sllidar_ros2/share/sllidar_ros2/environment/ament_prefix_path.sh\n'}
[0.507783] (sllidar_ros2) StdoutLine: {'line': b'-- Up-to-date symlink: /home/meta3/ros2_ws/install/sllidar_ros2/share/sllidar_ros2/environment/ament_prefix_path.dsv\n'}
[0.508107] (sllidar_ros2) StdoutLine: {'line': b'-- Up-to-date symlink: /home/meta3/ros2_ws/install/sllidar_ros2/share/sllidar_ros2/environment/path.sh\n'}
[0.508413] (sllidar_ros2) StdoutLine: {'line': b'-- Up-to-date symlink: /home/meta3/ros2_ws/install/sllidar_ros2/share/sllidar_ros2/environment/path.dsv\n'}
[0.508722] (sllidar_ros2) StdoutLine: {'line': b'-- Up-to-date symlink: /home/meta3/ros2_ws/install/sllidar_ros2/share/sllidar_ros2/local_setup.bash\n'}
[0.509021] (sllidar_ros2) StdoutLine: {'line': b'-- Up-to-date symlink: /home/meta3/ros2_ws/install/sllidar_ros2/share/sllidar_ros2/local_setup.sh\n'}
[0.509310] (sllidar_ros2) StdoutLine: {'line': b'-- Up-to-date symlink: /home/meta3/ros2_ws/install/sllidar_ros2/share/sllidar_ros2/local_setup.zsh\n'}
[0.509605] (sllidar_ros2) StdoutLine: {'line': b'-- Up-to-date symlink: /home/meta3/ros2_ws/install/sllidar_ros2/share/sllidar_ros2/local_setup.dsv\n'}
[0.510123] (sllidar_ros2) StdoutLine: {'line': b'-- Symlinking: /home/meta3/ros2_ws/install/sllidar_ros2/share/sllidar_ros2/package.dsv\n'}
[0.526748] (sllidar_ros2) StdoutLine: {'line': b'-- Up-to-date symlink: /home/meta3/ros2_ws/install/sllidar_ros2/share/ament_index/resource_index/packages/sllidar_ros2\n'}
[0.527334] (sllidar_ros2) StdoutLine: {'line': b'-- Up-to-date symlink: /home/meta3/ros2_ws/install/sllidar_ros2/share/sllidar_ros2/cmake/ament_cmake_export_dependencies-extras.cmake\n'}
[0.527619] (sllidar_ros2) StdoutLine: {'line': b'-- Up-to-date symlink: /home/meta3/ros2_ws/install/sllidar_ros2/share/sllidar_ros2/cmake/ament_cmake_export_include_directories-extras.cmake\n'}
[0.527880] (sllidar_ros2) StdoutLine: {'line': b'-- Up-to-date symlink: /home/meta3/ros2_ws/install/sllidar_ros2/share/sllidar_ros2/cmake/sllidar_ros2Config.cmake\n'}
[0.528109] (sllidar_ros2) StdoutLine: {'line': b'-- Up-to-date symlink: /home/meta3/ros2_ws/install/sllidar_ros2/share/sllidar_ros2/cmake/sllidar_ros2Config-version.cmake\n'}
[0.528355] (sllidar_ros2) StdoutLine: {'line': b'-- Up-to-date symlink: /home/meta3/ros2_ws/install/sllidar_ros2/share/sllidar_ros2/package.xml\n'}
[0.532664] (sllidar_ros2) CommandEnded: {'returncode': 0}
[0.601228] (-) TimerEvent: {}
[0.625178] (sllidar_ros2) JobEnded: {'identifier': 'sllidar_ros2', 'rc': 0}
[0.628216] (-) EventReactorShutdown: {}
