[0.022s] Invoking command in '/home/meta3/ros2_ws/build/person_follower_pkg': CMAKE_PREFIX_PATH=${CMAKE_PREFIX_PATH}:/home/meta3/ros2_ws/install/my_lidar_pkg:/opt/ros/humble /usr/bin/cmake --build /home/meta3/ros2_ws/build/person_follower_pkg -- -j6 -l6
[0.126s] Invoked command in '/home/meta3/ros2_ws/build/person_follower_pkg' returned '0': CMAKE_PREFIX_PATH=${CMAKE_PREFIX_PATH}:/home/meta3/ros2_ws/install/my_lidar_pkg:/opt/ros/humble /usr/bin/cmake --build /home/meta3/ros2_ws/build/person_follower_pkg -- -j6 -l6
[0.174s] Invoking command in '/home/meta3/ros2_ws/build/person_follower_pkg': CMAKE_PREFIX_PATH=${CMAKE_PREFIX_PATH}:/home/meta3/ros2_ws/install/my_lidar_pkg:/opt/ros/humble /usr/bin/cmake --install /home/meta3/ros2_ws/build/person_follower_pkg
[0.196s] -- Install configuration: ""
[0.196s] -- Up-to-date: /home/meta3/ros2_ws/install/person_follower_pkg/share/ament_index/resource_index/package_run_dependencies/person_follower_pkg
[0.213s] -- Up-to-date: /home/meta3/ros2_ws/install/person_follower_pkg/share/ament_index/resource_index/parent_prefix_path/person_follower_pkg
[0.213s] -- Up-to-date: /home/meta3/ros2_ws/install/person_follower_pkg/share/person_follower_pkg/environment/ament_prefix_path.sh
[0.213s] -- Up-to-date: /home/meta3/ros2_ws/install/person_follower_pkg/share/person_follower_pkg/environment/ament_prefix_path.dsv
[0.213s] -- Up-to-date: /home/meta3/ros2_ws/install/person_follower_pkg/share/person_follower_pkg/environment/path.sh
[0.214s] -- Up-to-date: /home/meta3/ros2_ws/install/person_follower_pkg/share/person_follower_pkg/environment/path.dsv
[0.215s] -- Up-to-date: /home/meta3/ros2_ws/install/person_follower_pkg/share/person_follower_pkg/local_setup.bash
[0.215s] -- Up-to-date: /home/meta3/ros2_ws/install/person_follower_pkg/share/person_follower_pkg/local_setup.sh
[0.216s] -- Up-to-date: /home/meta3/ros2_ws/install/person_follower_pkg/share/person_follower_pkg/local_setup.zsh
[0.216s] -- Up-to-date: /home/meta3/ros2_ws/install/person_follower_pkg/share/person_follower_pkg/local_setup.dsv
[0.217s] -- Up-to-date: /home/meta3/ros2_ws/install/person_follower_pkg/share/person_follower_pkg/package.dsv
[0.217s] -- Up-to-date: /home/meta3/ros2_ws/install/person_follower_pkg/share/ament_index/resource_index/packages/person_follower_pkg
[0.218s] -- Up-to-date: /home/meta3/ros2_ws/install/person_follower_pkg/share/person_follower_pkg/cmake/person_follower_pkgConfig.cmake
[0.218s] -- Up-to-date: /home/meta3/ros2_ws/install/person_follower_pkg/share/person_follower_pkg/cmake/person_follower_pkgConfig-version.cmake
[0.219s] -- Up-to-date: /home/meta3/ros2_ws/install/person_follower_pkg/share/person_follower_pkg/package.xml
[0.227s] Invoked command in '/home/meta3/ros2_ws/build/person_follower_pkg' returned '0': CMAKE_PREFIX_PATH=${CMAKE_PREFIX_PATH}:/home/meta3/ros2_ws/install/my_lidar_pkg:/opt/ros/humble /usr/bin/cmake --install /home/meta3/ros2_ws/build/person_follower_pkg
