[0.032s] Invoking command in '/home/meta3/ros2_ws/build/sllidar_ros2': CMAKE_PREFIX_PATH=${CMAKE_PREFIX_PATH}:/home/meta3/ros2_ws/install/my_lidar_pkg:/opt/ros/humble /usr/bin/cmake --build /home/meta3/ros2_ws/build/sllidar_ros2 -- -j6 -l6
[0.278s] [35m[1mConsolidate compiler generated dependencies of target sllidar_client[0m
[0.300s] [35m[1mConsolidate compiler generated dependencies of target sllidar_node[0m
[0.407s] [ 10%] Built target sllidar_client
[0.425s] [100%] Built target sllidar_node
[0.452s] Invoked command in '/home/meta3/ros2_ws/build/sllidar_ros2' returned '0': CMAKE_PREFIX_PATH=${CMAKE_PREFIX_PATH}:/home/meta3/ros2_ws/install/my_lidar_pkg:/opt/ros/humble /usr/bin/cmake --build /home/meta3/ros2_ws/build/sllidar_ros2 -- -j6 -l6
[0.475s] Invoking command in '/home/meta3/ros2_ws/build/sllidar_ros2': CMAKE_PREFIX_PATH=${CMAKE_PREFIX_PATH}:/home/meta3/ros2_ws/install/my_lidar_pkg:/opt/ros/humble /usr/bin/cmake --install /home/meta3/ros2_ws/build/sllidar_ros2
[0.494s] -- Install configuration: ""
[0.496s] -- Execute custom install script
[0.497s] -- Up-to-date symlink: /home/meta3/ros2_ws/install/sllidar_ros2/share/sllidar_ros2/launch/sllidar_a1_launch.py
[0.497s] -- Up-to-date symlink: /home/meta3/ros2_ws/install/sllidar_ros2/share/sllidar_ros2/launch/sllidar_a2m12_launch .py
[0.497s] -- Up-to-date symlink: /home/meta3/ros2_ws/install/sllidar_ros2/share/sllidar_ros2/launch/sllidar_a2m7_launch.py
[0.498s] -- Up-to-date symlink: /home/meta3/ros2_ws/install/sllidar_ros2/share/sllidar_ros2/launch/sllidar_a2m8_launch.py
[0.498s] -- Up-to-date symlink: /home/meta3/ros2_ws/install/sllidar_ros2/share/sllidar_ros2/launch/sllidar_a3_launch.py
[0.498s] -- Up-to-date symlink: /home/meta3/ros2_ws/install/sllidar_ros2/share/sllidar_ros2/launch/sllidar_c1_launch.py
[0.498s] -- Up-to-date symlink: /home/meta3/ros2_ws/install/sllidar_ros2/share/sllidar_ros2/launch/sllidar_s1_launch.py
[0.499s] -- Up-to-date symlink: /home/meta3/ros2_ws/install/sllidar_ros2/share/sllidar_ros2/launch/sllidar_s1_tcp_launch.py
[0.499s] -- Up-to-date symlink: /home/meta3/ros2_ws/install/sllidar_ros2/share/sllidar_ros2/launch/sllidar_s2_launch.py
[0.499s] -- Up-to-date symlink: /home/meta3/ros2_ws/install/sllidar_ros2/share/sllidar_ros2/launch/sllidar_s2e_launch.py
[0.500s] -- Up-to-date symlink: /home/meta3/ros2_ws/install/sllidar_ros2/share/sllidar_ros2/launch/sllidar_s3_launch.py
[0.500s] -- Up-to-date symlink: /home/meta3/ros2_ws/install/sllidar_ros2/share/sllidar_ros2/launch/sllidar_t1_launch.py
[0.500s] -- Up-to-date symlink: /home/meta3/ros2_ws/install/sllidar_ros2/share/sllidar_ros2/launch/view_sllidar_a1_launch.py
[0.500s] -- Up-to-date symlink: /home/meta3/ros2_ws/install/sllidar_ros2/share/sllidar_ros2/launch/view_sllidar_a2m12_launch.py
[0.500s] -- Up-to-date symlink: /home/meta3/ros2_ws/install/sllidar_ros2/share/sllidar_ros2/launch/view_sllidar_a2m7_launch.py
[0.501s] -- Up-to-date symlink: /home/meta3/ros2_ws/install/sllidar_ros2/share/sllidar_ros2/launch/view_sllidar_a2m8_launch.py
[0.501s] -- Up-to-date symlink: /home/meta3/ros2_ws/install/sllidar_ros2/share/sllidar_ros2/launch/view_sllidar_a3_launch.py
[0.501s] -- Up-to-date symlink: /home/meta3/ros2_ws/install/sllidar_ros2/share/sllidar_ros2/launch/view_sllidar_c1_launch.py
[0.502s] -- Up-to-date symlink: /home/meta3/ros2_ws/install/sllidar_ros2/share/sllidar_ros2/launch/view_sllidar_s1_launch.py
[0.502s] -- Up-to-date symlink: /home/meta3/ros2_ws/install/sllidar_ros2/share/sllidar_ros2/launch/view_sllidar_s1_tcp_launch.py
[0.502s] -- Up-to-date symlink: /home/meta3/ros2_ws/install/sllidar_ros2/share/sllidar_ros2/launch/view_sllidar_s2_launch.py
[0.502s] -- Up-to-date symlink: /home/meta3/ros2_ws/install/sllidar_ros2/share/sllidar_ros2/launch/view_sllidar_s2e_launch.py
[0.502s] -- Up-to-date symlink: /home/meta3/ros2_ws/install/sllidar_ros2/share/sllidar_ros2/launch/view_sllidar_s3_launch.py
[0.503s] -- Up-to-date symlink: /home/meta3/ros2_ws/install/sllidar_ros2/share/sllidar_ros2/launch/view_sllidar_t1_launch.py
[0.503s] -- Up-to-date symlink: /home/meta3/ros2_ws/install/sllidar_ros2/share/sllidar_ros2/rviz/sllidar_ros2.rviz
[0.504s] -- Up-to-date symlink: /home/meta3/ros2_ws/install/sllidar_ros2/lib/sllidar_ros2/sllidar_node
[0.504s] -- Up-to-date symlink: /home/meta3/ros2_ws/install/sllidar_ros2/lib/sllidar_ros2/sllidar_client
[0.505s] -- Up-to-date symlink: /home/meta3/ros2_ws/install/sllidar_ros2/share/ament_index/resource_index/package_run_dependencies/sllidar_ros2
[0.506s] -- Up-to-date symlink: /home/meta3/ros2_ws/install/sllidar_ros2/share/ament_index/resource_index/parent_prefix_path/sllidar_ros2
[0.506s] -- Up-to-date symlink: /home/meta3/ros2_ws/install/sllidar_ros2/share/sllidar_ros2/environment/ament_prefix_path.sh
[0.506s] -- Up-to-date symlink: /home/meta3/ros2_ws/install/sllidar_ros2/share/sllidar_ros2/environment/ament_prefix_path.dsv
[0.507s] -- Up-to-date symlink: /home/meta3/ros2_ws/install/sllidar_ros2/share/sllidar_ros2/environment/path.sh
[0.507s] -- Up-to-date symlink: /home/meta3/ros2_ws/install/sllidar_ros2/share/sllidar_ros2/environment/path.dsv
[0.507s] -- Up-to-date symlink: /home/meta3/ros2_ws/install/sllidar_ros2/share/sllidar_ros2/local_setup.bash
[0.508s] -- Up-to-date symlink: /home/meta3/ros2_ws/install/sllidar_ros2/share/sllidar_ros2/local_setup.sh
[0.508s] -- Up-to-date symlink: /home/meta3/ros2_ws/install/sllidar_ros2/share/sllidar_ros2/local_setup.zsh
[0.508s] -- Up-to-date symlink: /home/meta3/ros2_ws/install/sllidar_ros2/share/sllidar_ros2/local_setup.dsv
[0.509s] -- Symlinking: /home/meta3/ros2_ws/install/sllidar_ros2/share/sllidar_ros2/package.dsv
[0.526s] -- Up-to-date symlink: /home/meta3/ros2_ws/install/sllidar_ros2/share/ament_index/resource_index/packages/sllidar_ros2
[0.526s] -- Up-to-date symlink: /home/meta3/ros2_ws/install/sllidar_ros2/share/sllidar_ros2/cmake/ament_cmake_export_dependencies-extras.cmake
[0.526s] -- Up-to-date symlink: /home/meta3/ros2_ws/install/sllidar_ros2/share/sllidar_ros2/cmake/ament_cmake_export_include_directories-extras.cmake
[0.526s] -- Up-to-date symlink: /home/meta3/ros2_ws/install/sllidar_ros2/share/sllidar_ros2/cmake/sllidar_ros2Config.cmake
[0.527s] -- Up-to-date symlink: /home/meta3/ros2_ws/install/sllidar_ros2/share/sllidar_ros2/cmake/sllidar_ros2Config-version.cmake
[0.527s] -- Up-to-date symlink: /home/meta3/ros2_ws/install/sllidar_ros2/share/sllidar_ros2/package.xml
[0.532s] Invoked command in '/home/meta3/ros2_ws/build/sllidar_ros2' returned '0': CMAKE_PREFIX_PATH=${CMAKE_PREFIX_PATH}:/home/meta3/ros2_ws/install/my_lidar_pkg:/opt/ros/humble /usr/bin/cmake --install /home/meta3/ros2_ws/build/sllidar_ros2
