[1.564s] Invoking command in '/home/meta3/ros2_ws/src/my_lidar_pkg': PYTHONPATH=/home/meta3/ros2_ws/build/my_lidar_pkg/prefix_override:/usr/lib/python3/dist-packages/colcon_core/task/python/colcon_distutils_commands:/home/meta3/ros2_ws/install/my_lidar_pkg/lib/python3.10/site-packages:${PYTHONPATH} /usr/bin/python3 -W ignore:setup.py install is deprecated -W ignore:easy_install command is deprecated setup.py egg_info --egg-base ../../build/my_lidar_pkg build --build-base /home/meta3/ros2_ws/build/my_lidar_pkg/build install --record /home/meta3/ros2_ws/build/my_lidar_pkg/install.log --single-version-externally-managed install_data
[2.080s] running egg_info
[2.081s] creating ../../build/my_lidar_pkg/my_lidar_pkg.egg-info
[2.081s] writing ../../build/my_lidar_pkg/my_lidar_pkg.egg-info/PKG-INFO
[2.082s] writing dependency_links to ../../build/my_lidar_pkg/my_lidar_pkg.egg-info/dependency_links.txt
[2.082s] writing entry points to ../../build/my_lidar_pkg/my_lidar_pkg.egg-info/entry_points.txt
[2.082s] writing requirements to ../../build/my_lidar_pkg/my_lidar_pkg.egg-info/requires.txt
[2.082s] writing top-level names to ../../build/my_lidar_pkg/my_lidar_pkg.egg-info/top_level.txt
[2.082s] writing manifest file '../../build/my_lidar_pkg/my_lidar_pkg.egg-info/SOURCES.txt'
[2.085s] reading manifest file '../../build/my_lidar_pkg/my_lidar_pkg.egg-info/SOURCES.txt'
[2.087s] writing manifest file '../../build/my_lidar_pkg/my_lidar_pkg.egg-info/SOURCES.txt'
[2.087s] running build
[2.087s] running build_py
[2.087s] creating /home/meta3/ros2_ws/build/my_lidar_pkg/build
[2.088s] creating /home/meta3/ros2_ws/build/my_lidar_pkg/build/lib
[2.088s] creating /home/meta3/ros2_ws/build/my_lidar_pkg/build/lib/my_lidar_pkg
[2.088s] copying my_lidar_pkg/__init__.py -> /home/meta3/ros2_ws/build/my_lidar_pkg/build/lib/my_lidar_pkg
[2.088s] running install
[2.089s] running install_lib
[2.090s] creating /home/meta3/ros2_ws/install/my_lidar_pkg/lib/python3.10/site-packages/my_lidar_pkg
[2.090s] copying /home/meta3/ros2_ws/build/my_lidar_pkg/build/lib/my_lidar_pkg/__init__.py -> /home/meta3/ros2_ws/install/my_lidar_pkg/lib/python3.10/site-packages/my_lidar_pkg
[2.091s] byte-compiling /home/meta3/ros2_ws/install/my_lidar_pkg/lib/python3.10/site-packages/my_lidar_pkg/__init__.py to __init__.cpython-310.pyc
[2.092s] running install_data
[2.092s] creating /home/meta3/ros2_ws/install/my_lidar_pkg/share/ament_index
[2.092s] creating /home/meta3/ros2_ws/install/my_lidar_pkg/share/ament_index/resource_index
[2.092s] creating /home/meta3/ros2_ws/install/my_lidar_pkg/share/ament_index/resource_index/packages
[2.093s] copying resource/my_lidar_pkg -> /home/meta3/ros2_ws/install/my_lidar_pkg/share/ament_index/resource_index/packages
[2.093s] copying package.xml -> /home/meta3/ros2_ws/install/my_lidar_pkg/share/my_lidar_pkg
[2.093s] creating /home/meta3/ros2_ws/install/my_lidar_pkg/share/my_lidar_pkg/launch
[2.093s] copying launch/lidar_filter_launch.py -> /home/meta3/ros2_ws/install/my_lidar_pkg/share/my_lidar_pkg/launch
[2.093s] creating /home/meta3/ros2_ws/install/my_lidar_pkg/share/my_lidar_pkg/config
[2.094s] copying config/laser_filter_params.yaml -> /home/meta3/ros2_ws/install/my_lidar_pkg/share/my_lidar_pkg/config
[2.094s] running install_egg_info
[2.099s] Copying ../../build/my_lidar_pkg/my_lidar_pkg.egg-info to /home/meta3/ros2_ws/install/my_lidar_pkg/lib/python3.10/site-packages/my_lidar_pkg-0.0.0-py3.10.egg-info
[2.099s] running install_scripts
[2.138s] writing list of installed files to '/home/meta3/ros2_ws/build/my_lidar_pkg/install.log'
[2.206s] Invoked command in '/home/meta3/ros2_ws/src/my_lidar_pkg' returned '0': PYTHONPATH=/home/meta3/ros2_ws/build/my_lidar_pkg/prefix_override:/usr/lib/python3/dist-packages/colcon_core/task/python/colcon_distutils_commands:/home/meta3/ros2_ws/install/my_lidar_pkg/lib/python3.10/site-packages:${PYTHONPATH} /usr/bin/python3 -W ignore:setup.py install is deprecated -W ignore:easy_install command is deprecated setup.py egg_info --egg-base ../../build/my_lidar_pkg build --build-base /home/meta3/ros2_ws/build/my_lidar_pkg/build install --record /home/meta3/ros2_ws/build/my_lidar_pkg/install.log --single-version-externally-managed install_data
